         ps                              clock      instruction           pcout        s_regDout        s_regSout        s_regAout  sel  sel             outM  writeM              inM             
     505000                                  1 0000000000000001 000000000000001 0000000000000000 0000000000000000 0000000000000001    0    0 0000000000000000       0 0000000000000000 
     515000                                  1 1111100000010000 000000000000010 0000000000000000 0000000000000000 0000000000000001    1    1 0000000000000001       0 0000000000000001 
     525000                                  1 1100011110010000 000000000000011 0000000000000001 0000000000000000 0000000000000001    0    1 1111111111111111       0 0000000000000001 
     535000                                  1 0000000000000010 000000000000100 1111111111111111 0000000000000000 0000000000000001    0    0 0000000000000000       0 0000000000000001 
     545000                                  1 1100011000000100 000000000000101 1111111111111111 0000000000000000 0000000000000010    0    1 1111111111111111       0 0000000000000001 
     555000                                  1 1101010100000000 000000000000010 1111111111111111 0000000000000000 0000000000000010    0    1 0000000000000000       0 0000000000000000 
     565000                                  1 1100011110010000 000000000000011 1111111111111111 0000000000000000 0000000000000010    0    1 0000000000000001       0 0000000000000000 
     575000                                  1 0000000000000010 000000000000100 0000000000000001 0000000000000000 0000000000000010    0    0 0000000000000000       0 0000000000000000 
     585000                                  1 1100011000000100 000000000000101 0000000000000001 0000000000000000 0000000000000010    0    1 0000000000000001       0 0000000000000000 
     595000                                  1 1101010100000000 000000000000110 0000000000000001 0000000000000000 0000000000000010    0    1 0000000000000000       0 0000000000000000 
     605000                                  1 0000000000000000 000000000000111 0000000000000001 0000000000000000 0000000000000010    0    0 0000000000000000       0 0000000000000000 
     615000                                  1 1100011000001000 000000000001000 0000000000000001 0000000000000000 0000000000000000    0    1 0000000000000001       1 0000000000000000 
     625000                                  1 0000000000000000 000000000001001 0000000000000001 0000000000000000 0000000000000000    0    0 0000000000000000       0 0000000000000001 
     635000                                  1 0000000000000000 000000000001010 0000000000000001 0000000000000000 0000000000000000    0    0 0000000000000000       0 0000000000000001 
     645000                                  1 0000000000000000 000000000001011 0000000000000001 0000000000000000 0000000000000000    0    0 0000000000000000       0 0000000000000001 
     655000                                  1 0000000000000000 000000000001100 0000000000000001 0000000000000000 0000000000000000    0    0 0000000000000000       0 0000000000000001 
     665000                                  1 0000000000000000 000000000001101 0000000000000001 0000000000000000 0000000000000000    0    0 0000000000000000       0 0000000000000001 
     675000                                  1 0000000000000000 000000000001110 0000000000000001 0000000000000000 0000000000000000    0    0 0000000000000000       0 0000000000000001 
     685000                                  1 0000000000000000 000000000001111 0000000000000001 0000000000000000 0000000000000000    0    0 0000000000000000       0 0000000000000001 
     695000                                  1 0000000000000000 000000000010000 0000000000000001 0000000000000000 0000000000000000    0    0 0000000000000000       0 0000000000000001 
     705000                                  1 0000000000000000 000000000010001 0000000000000001 0000000000000000 0000000000000000    0    0 0000000000000000       0 0000000000000001 
     715000                                  1 0000000000000000 000000000010010 0000000000000001 0000000000000000 0000000000000000    0    0 0000000000000000       0 0000000000000001 
     725000                                  1 0000000000000000 000000000010011 0000000000000001 0000000000000000 0000000000000000    0    0 0000000000000000       0 0000000000000001 
     735000                                  1 0000000000000000 000000000010100 0000000000000001 0000000000000000 0000000000000000    0    0 0000000000000000       0 0000000000000001 
     745000                                  1 0000000000000000 000000000010101 0000000000000001 0000000000000000 0000000000000000    0    0 0000000000000000       0 0000000000000001 
     755000                                  1 0000000000000000 000000000010110 0000000000000001 0000000000000000 0000000000000000    0    0 0000000000000000       0 0000000000000001 
     765000                                  1 0000000000000000 000000000010111 0000000000000001 0000000000000000 0000000000000000    0    0 0000000000000000       0 0000000000000001 
     775000                                  1 0000000000000000 000000000011000 0000000000000001 0000000000000000 0000000000000000    0    0 0000000000000000       0 0000000000000001 
     785000                                  1 0000000000000000 000000000011001 0000000000000001 0000000000000000 0000000000000000    0    0 0000000000000000       0 0000000000000001 
     795000                                  1 0000000000000000 000000000011010 0000000000000001 0000000000000000 0000000000000000    0    0 0000000000000000       0 0000000000000001 
     805000                                  1 0000000000000000 000000000011011 0000000000000001 0000000000000000 0000000000000000    0    0 0000000000000000       0 0000000000000001 
     815000                                  1 0000000000000000 000000000011100 0000000000000001 0000000000000000 0000000000000000    0    0 0000000000000000       0 0000000000000001 
     825000                                  1 0000000000000000 000000000011101 0000000000000001 0000000000000000 0000000000000000    0    0 0000000000000000       0 0000000000000001 
     835000                                  1 0000000000000000 000000000011110 0000000000000001 0000000000000000 0000000000000000    0    0 0000000000000000       0 0000000000000001 
     845000                                  1 0000000000000000 000000000011111 0000000000000001 0000000000000000 0000000000000000    0    0 0000000000000000       0 0000000000000001 
     855000                                  1 0000000000000000 000000000100000 0000000000000001 0000000000000000 0000000000000000    0    0 0000000000000000       0 0000000000000001 
     865000                                  1 0000000000000000 000000000100001 0000000000000001 0000000000000000 0000000000000000    0    0 0000000000000000       0 0000000000000001 
     875000                                  1 0000000000000000 000000000100010 0000000000000001 0000000000000000 0000000000000000    0    0 0000000000000000       0 0000000000000001 
     885000                                  1 0000000000000000 000000000100011 0000000000000001 0000000000000000 0000000000000000    0    0 0000000000000000       0 0000000000000001 
     895000                                  1 0000000000000000 000000000100100 0000000000000001 0000000000000000 0000000000000000    0    0 0000000000000000       0 0000000000000001 
     905000                                  1 0000000000000000 000000000100101 0000000000000001 0000000000000000 0000000000000000    0    0 0000000000000000       0 0000000000000001 
     915000                                  1 0000000000000000 000000000100110 0000000000000001 0000000000000000 0000000000000000    0    0 0000000000000000       0 0000000000000001 
     925000                                  1 0000000000000000 000000000100111 0000000000000001 0000000000000000 0000000000000000    0    0 0000000000000000       0 0000000000000001 
     935000                                  1 0000000000000000 000000000101000 0000000000000001 0000000000000000 0000000000000000    0    0 0000000000000000       0 0000000000000001 
     945000                                  1 0000000000000000 000000000101001 0000000000000001 0000000000000000 0000000000000000    0    0 0000000000000000       0 0000000000000001 
     955000                                  1 0000000000000000 000000000101010 0000000000000001 0000000000000000 0000000000000000    0    0 0000000000000000       0 0000000000000001 
     965000                                  1 0000000000000000 000000000101011 0000000000000001 0000000000000000 0000000000000000    0    0 0000000000000000       0 0000000000000001 
     975000                                  1 0000000000000000 000000000101100 0000000000000001 0000000000000000 0000000000000000    0    0 0000000000000000       0 0000000000000001 
     985000                                  1 0000000000000000 000000000101101 0000000000000001 0000000000000000 0000000000000000    0    0 0000000000000000       0 0000000000000001 
     995000                                  1 0000000000000000 000000000101110 0000000000000001 0000000000000000 0000000000000000    0    0 0000000000000000       0 0000000000000001 
