         ps                              clock      instruction           pcout        s_regDout        s_regSout        s_regAout  s_muxALUI_A  s_muxSD_ALU             outM  writeM              inM             
       4500                                  1 0000000000000101 000000000000001 0000000000000000 0000000000000000 0000000000000000            1            1 0000000000000000       0 0000000100000000 
       5500                                  1 1001100000010000 000000000000010 0000000000000000 0000000000000000 0000000000000101            0            1 0000000000000101       0 0000000100000000 
       6500                                  1 0000000000000000 000000000000011 0000000000000101 0000000000000000 0000000000000101            1            1 0000000000000101       0 0000000000000000 
       7500                                  1 1101100001000000 000000000000100 0000000000000101 0000000000000000 0000000000000000            0            1 0000000000000000       0 0000000000000000 
       8500                                  1 1000011000001000 000000000000101 0000000000000101 0000000000000000 0000000100000000            0            1 0000000000000101       1 0000000100000000 
       9500                                  1 0000000000000000 000000000000110 0000000000000101 0000000000000000 0000000100000000            1            1 0000000000000000       0 0000000000000101 
      10500                                  1 1101100001000000 000000000000111 0000000000000101 0000000000000000 0000000000000000            0            1 0000000000000101       0 0000000000000101 
      11500                                  1 1001101111000000 000000000001000 0000000000000101 0000000000000000 0000000100000000            0            1 0000000100000001       0 0000000100000000 
      12500                                  1 1001100000010000 000000000001001 0000000000000101 0000000000000000 0000000100000001            0            1 0000000100000001       0 0000000000000101 
      13500                                  1 0000000000000000 000000000001010 0000000100000001 0000000000000000 0000000100000001            1            1 0000000100000001       0 0000000000000000 
      14500                                  1 1000011000001000 000000000001011 0000000100000001 0000000000000000 0000000000000000            0            1 0000000100000001       1 0000000000000000 
      15500                                  1 0000000000001111 000000000001100 0000000100000001 0000000000000000 0000000000000000            1            1 0000000000000000       0 0000000100000001 
      16500                                  1 1001100000010000 000000000001101 0000000100000001 0000000000000000 0000000000001111            0            1 0000000000001111       0 0000000100000001 
      17500                                  1 0000000000000000 000000000001110 0000000000001111 0000000000000000 0000000000001111            1            1 0000000000001111       0 0000000000000000 
      18500                                  1 1101100001000000 000000000001111 0000000000001111 0000000000000000 0000000000000000            0            1 0000000000000000       0 0000000000000000 
      19500                                  1 1000011000001000 000000000010000 0000000000001111 0000000000000000 0000000100000001            0            1 0000000000001111       1 0000000100000001 
      20500                                  1 0000000000000000 000000000010001 0000000000001111 0000000000000000 0000000100000001            1            1 0000000000000001       0 0000000000001111 
      21500                                  1 1101100001000000 000000000010010 0000000000001111 0000000000000000 0000000000000000            0            1 0000000000001111       0 0000000000001111 
      22500                                  1 1001101111000000 000000000010011 0000000000001111 0000000000000000 0000000100000001            0            1 0000000100000010       0 0000000100000001 
      23500                                  1 1001100000010000 000000000010100 0000000000001111 0000000000000000 0000000100000010            0            1 0000000100000010       0 0000000000001111 
      24500                                  1 0000000000000000 000000000010101 0000000100000010 0000000000000000 0000000100000010            1            1 0000000100000010       0 0000000000000000 
      25500                                  1 1000011000001000 000000000010110 0000000100000010 0000000000000000 0000000000000000            0            1 0000000100000010       1 0000000000000000 
      26500                                  1 0000000000001111 000000000010111 0000000100000010 0000000000000000 0000000000000000            1            1 0000000000000000       0 0000000100000010 
      27500                                  1 1001100000010000 000000000011000 0000000100000010 0000000000000000 0000000000001111            0            1 0000000000001111       0 0000000100000010 
      28500                                  1 0000000000000000 000000000011001 0000000000001111 0000000000000000 0000000000001111            1            1 0000000000001111       0 0000000000000000 
      29500                                  1 1101100001000000 000000000011010 0000000000001111 0000000000000000 0000000000000000            0            1 0000000000000000       0 0000000000000000 
      30500                                  1 1000011000001000 000000000011011 0000000000001111 0000000000000000 0000000100000010            0            1 0000000000001111       1 0000000100000010 
      31500                                  1 0000000000000000 000000000011100 0000000000001111 0000000000000000 0000000100000010            1            1 0000000000000010       0 0000000000001111 
      32500                                  1 1101100001000000 000000000011101 0000000000001111 0000000000000000 0000000000000000            0            1 0000000000001111       0 0000000000001111 
      33500                                  1 1001101111000000 000000000011110 0000000000001111 0000000000000000 0000000100000010            0            1 0000000100000011       0 0000000100000010 
      34500                                  1 1001100000010000 000000000011111 0000000000001111 0000000000000000 0000000100000011            0            1 0000000100000011       0 0000000000001111 
      35500                                  1 0000000000000000 000000000100000 0000000100000011 0000000000000000 0000000100000011            1            1 0000000100000011       0 0000000000000000 
      36500                                  1 1000011000001000 000000000100001 0000000100000011 0000000000000000 0000000000000000            0            1 0000000100000011       1 0000000000000000 
      37500                                  1 0000000000000000 000000000100010 0000000100000011 0000000000000000 0000000000000000            1            1 0000000000000000       0 0000000100000011 
      38500                                  1 1101100001000000 000000000100011 0000000100000011 0000000000000000 0000000000000000            0            1 0000000100000011       0 0000000100000011 
      39500                                  1 1001100101000000 000000000100100 0000000100000011 0000000000000000 0000000100000011            0            1 0000000100000010       0 0000000100000011 
      40500                                  1 1101100000010000 000000000100101 0000000100000011 0000000000000000 0000000100000010            0            1 0000000000000000       0 0000000000000000 
      41500                                  1 1001100101000000 000000000100110 0000000000001111 0000000000000000 0000000100000010            0            1 0000000100000001       0 0000000000001111 
      42500                                  1 1100001110100000 000000000100111 0000000000001111 0000000000000000 0000000100000001            0            1 0000000000000000       0 0000000000001111 
      43500                                  1 0000000000010000 000000000101000 0000000000001111 0000000000000000 0000000100000001            1            1 0000000000000001       0 0000000000001111 
      44500                                  1 1010011000000010 000000000101001 0000000000001111 0000000000000000 0000000000010000            0            0 0000000000000000       0 0000000000001111 
      45500                                  1 1001010100000000 000000000010000 0000000000001111 0000000000000000 0000000000010000            0            1 0000000000000000       0 0000000000000000 
      46500                                  1 0000000000000000 000000000010001 0000000000001111 0000000000000000 0000000000010000            1            1 0000000000000000       0 0000000000000000 
      47500                                  1 1101100001000000 000000000010010 0000000000001111 0000000000000000 0000000000000000            0            1 0000000000000000       0 0000000000000000 
      48500                                  1 1001101111000000 000000000010011 0000000000001111 0000000000000000 0000000100000011            0            1 0000000100000100       0 0000000100000011 
      49500                                  1 1001100000010000 000000000010100 0000000000001111 0000000000000000 0000000100000100            0            1 0000000100000100       0 0000000000000000 
      50500                                  1 0000000000000000 000000000010101 0000000100000100 0000000000000000 0000000100000100            1            1 0000000100000100       0 0000000000000000 
      51500                                  1 1000011000001000 000000000010110 0000000100000100 0000000000000000 0000000000000000            0            1 0000000100000100       1 0000000000000000 
      52500                                  1 0000000000001111 000000000010111 0000000100000100 0000000000000000 0000000000000000            1            1 0000000000000000       0 0000000100000100 
      53500                                  1 1001100000010000 000000000011000 0000000100000100 0000000000000000 0000000000001111            0            1 0000000000001111       0 0000000100000100 
      54500                                  1 0000000000000000 000000000011001 0000000000001111 0000000000000000 0000000000001111            1            1 0000000000001111       0 0000000000000000 
      55500                                  1 1101100001000000 000000000011010 0000000000001111 0000000000000000 0000000000000000            0            1 0000000000000000       0 0000000000000000 
      56500                                  1 1000011000001000 000000000011011 0000000000001111 0000000000000000 0000000100000100            0            1 0000000000001111       1 0000000100000100 
      57500                                  1 0000000000000000 000000000011100 0000000000001111 0000000000000000 0000000100000100            1            1 0000000000000100       0 0000000000001111 
      58500                                  1 1101100001000000 000000000011101 0000000000001111 0000000000000000 0000000000000000            0            1 0000000000001111       0 0000000000001111 
      59500                                  1 1001101111000000 000000000011110 0000000000001111 0000000000000000 0000000100000100            0            1 0000000100000101       0 0000000100000100 
      60500                                  1 1001100000010000 000000000011111 0000000000001111 0000000000000000 0000000100000101            0            1 0000000100000101       0 0000000000001111 
      61500                                  1 0000000000000000 000000000100000 0000000100000101 0000000000000000 0000000100000101            1            1 0000000100000101       0 0000000000000000 
      62500                                  1 1000011000001000 000000000100001 0000000100000101 0000000000000000 0000000000000000            0            1 0000000100000101       1 0000000000000000 
      63500                                  1 0000000000000000 000000000100010 0000000100000101 0000000000000000 0000000000000000            1            1 0000000000000000       0 0000000100000101 
      64500                                  1 1101100001000000 000000000100011 0000000100000101 0000000000000000 0000000000000000            0            1 0000000100000101       0 0000000100000101 
      65500                                  1 1001100101000000 000000000100100 0000000100000101 0000000000000000 0000000100000101            0            1 0000000100000100       0 0000000100000101 
      66500                                  1 1101100000010000 000000000100101 0000000100000101 0000000000000000 0000000100000100            0            1 0000000000000000       0 0000000000000000 
      67500                                  1 1001100101000000 000000000100110 0000000000001111 0000000000000000 0000000100000100            0            1 0000000100000011       0 0000000000001111 
      68500                                  1 1100001110100000 000000000100111 0000000000001111 0000000000000000 0000000100000011            0            1 0000000000000000       0 0000000000001111 
      69500                                  1 0000000000010000 000000000101000 0000000000001111 1111111111110001 0000000100000011            1            1 0000000000000011       0 0000000000000000 
      70500                                  1 1010011000000010 000000000101001 0000000000001111 1111111111110001 0000000000010000            0            0 1111111111110001       0 0000000000000000 
      71500                                  1 1001010100000000 000000000101010 0000000000001111 1111111111110001 0000000000010000            0            1 0000000000000000       0 0000000000000000 
      72500                                  1 0000000000000000 000000000101011 0000000000001111 1111111111110001 0000000000010000            1            1 0000000000000000       0 0000000000000000 
      73500                                  1 1101100001000000 000000000101100 0000000000001111 1111111111110001 0000000000000000            0            1 0000000000000000       0 0000000000000000 
      74500                                  1 1001100101000000 000000000101101 0000000000001111 1111111111110001 0000000100000101            0            1 0000000100000100       0 0000000100000101 
      75500                                  1 1001100101000000 000000000101110 0000000000001111 1111111111110001 0000000100000100            0            1 0000000100000011       0 0000000000000000 
      76500                                  1 1001100000010000 000000000101111 0000000000001111 1111111111110001 0000000100000011            0            1 0000000100000011       0 0000000000001111 
      77500                                  1 0000000000000000 000000000110000 0000000100000011 1111111111110001 0000000100000011            1            1 0000000100000011       0 0000000000000000 
      78500                                  1 1001100000100000 000000000110001 0000000100000011 1111111111110001 0000000000000000            0            1 0000000000000000       0 0000000000000000 
      79500                                  1 1000011001000000 000000000110010 0000000100000011 0000000000000000 0000000000000000            0            1 0000000100000011       0 0000000100000101 
      80500                                  1 1010011000001000 000000000110011 0000000100000011 0000000000000000 0000000100000011            0            0 0000000000000000       1 0000000100000101 
      81500                                  1 0000000001000101 000000000110100 0000000100000011 0000000000000000 0000000100000011            1            1 0000000100000011       0 0000000000000000 
      82500                                  1 1000011000000111 000000000110101 0000000100000011 0000000000000000 0000000001000101            0            1 0000000100000011       0 0000000000000000 
      83500                                  1 1001010100000000 000000001000101 0000000100000011 0000000000000000 0000000001000101            0            1 0000000000000000       0 0000000000000000 
      84500                                  1 1001010100000000 000000001000110 0000000100000011 0000000000000000 0000000001000101            0            1 0000000000000000       0 0000000000000000 
      85500                                  1 0000000000000000 000000001000111 0000000100000011 0000000000000000 0000000001000101            1            1 0000000000000001       0 0000000000000000 
      86500                                  1 1101100000010000 000000001001000 0000000100000011 0000000000000000 0000000000000000            0            1 0000000000000000       0 0000000000000000 
      87500                                  1 1000011100010000 000000001001001 0000000100000101 0000000000000000 0000000000000000            0            1 0000000100000100       0 0000000100000101 
      88500                                  1 1000011000001000 000000001001010 0000000100000100 0000000000000000 0000000000000000            0            1 0000000100000100       1 0000000100000101 
      89500                                  1 0000000000000000 000000001001011 0000000100000100 0000000000000000 0000000000000000            1            1 0000000000000000       0 0000000100000100 
      90500                                  1 1101100001000000 000000001001100 0000000100000100 0000000000000000 0000000000000000            0            1 0000000100000100       0 0000000100000100 
      91500                                  1 1001100101000000 000000001001101 0000000100000100 0000000000000000 0000000100000100            0            1 0000000100000011       0 0000000100000100 
      92500                                  1 1001100000100000 000000001001110 0000000100000100 0000000000000000 0000000100000011            0            1 0000000100000011       0 0000000000001111 
      93500                                  1 1101100000010000 000000001001111 0000000100000100 0000000100000011 0000000100000011            0            1 0000000000000000       0 0000000000000000 
      94500                                  1 0000000000000000 000000001010000 0000000000000000 0000000100000011 0000000100000011            1            1 0000000000000000       0 0000000000000000 
      95500                                  1 1010011000001000 000000001010001 0000000000000000 0000000100000011 0000000000000000            0            0 0000000100000011       1 0000000000000000 
      96500                                  1 0000000001011111 000000001010010 0000000000000000 0000000100000011 0000000000000000            1            1 0000000000000000       0 0000000100000011 
      97500                                  1 1000011000000101 000000001010011 0000000000000000 0000000100000011 0000000001011111            0            1 0000000000000000       0 0000000100000011 
      98500                                  1 1001010100000000 000000001010100 0000000000000000 0000000100000011 0000000001011111            0            1 0000000000000000       0 0000000000000000 
      99500                                  1 0000000000000011 000000001010101 0000000000000000 0000000100000011 0000000001011111            1            1 0000000000000000       0 0000000000000000 
     100500                                  1 1001100000010000 000000001010110 0000000000000000 0000000100000011 0000000000000011            0            1 0000000000000011       0 0000000000000000 
     101500                                  1 0000000000000000 000000001010111 0000000000000011 0000000100000011 0000000000000011            1            1 0000000000000011       0 0000000000000000 
     102500                                  1 1101100001000000 000000001011000 0000000000000011 0000000100000011 0000000000000000            0            1 0000000000000000       0 0000000000000000 
     103500                                  1 1000011000001000 000000001011001 0000000000000011 0000000100000011 0000000100000011            0            1 0000000000000011       1 0000000100000011 
     104500                                  1 0000000000000000 000000001011010 0000000000000011 0000000100000011 0000000100000011            1            1 0000000000000011       0 0000000000000011 
     105500                                  1 1101100001000000 000000001011011 0000000000000011 0000000100000011 0000000000000000            0            1 0000000000000011       0 0000000000000011 
     106500                                  1 1001101111000000 000000001011100 0000000000000011 0000000100000011 0000000100000011            0            1 0000000100000100       0 0000000100000011 
     107500                                  1 1001100000010000 000000001011101 0000000000000011 0000000100000011 0000000100000100            0            1 0000000100000100       0 0000000000000011 
     108500                                  1 0000000000000000 000000001011110 0000000100000100 0000000100000011 0000000100000100            1            1 0000000100000100       0 0000000000001111 
     109500                                  1 1000011000001000 000000001011111 0000000100000100 0000000100000011 0000000000000000            0            1 0000000100000100       1 0000000000001111 
     110500                                  1 0000000000000000 000000001100000 0000000100000100 0000000100000011 0000000000000000            1            1 0000000000000000       0 0000000100000100 
     111500                                  1 1101100001000000 000000001100001 0000000100000100 0000000100000011 0000000000000000            0            1 0000000100000100       0 0000000100000100 
     112500                                  1 1001100101000000 000000001100010 0000000100000100 0000000100000011 0000000100000100            0            1 0000000100000011       0 0000000100000100 
     113500                                  1 1101100000010000 000000001100011 0000000100000100 0000000100000011 0000000100000011            0            1 0000000000001111       0 0000000000001111 
     114500                                  1 0000000000000101 000000001100100 0000000000000011 0000000100000011 0000000100000011            1            1 0000000000000011       0 0000000000000011 
     115500                                  1 1000011000001000 000000001100101 0000000000000011 0000000100000011 0000000000000101            0            1 0000000000000011       1 0000000000000011 
     116500                                  1 0000000000000000 000000001100110 0000000000000011 0000000100000011 0000000000000101            1            1 0000000000000001       0 0000000000000011 
     117500                                  1 1101100001000000 000000001100111 0000000000000011 0000000100000011 0000000000000000            0            1 0000000000000011       0 0000000000000011 
     118500                                  1 1001100101000000 000000001101000 0000000000000011 0000000100000011 0000000100000100            0            1 0000000100000011       0 0000000100000100 
     119500                                  1 1001100000010000 000000001101001 0000000000000011 0000000100000011 0000000100000011            0            1 0000000100000011       0 0000000000001111 
     120500                                  1 0000000000000000 000000001101010 0000000100000011 0000000100000011 0000000100000011            1            1 0000000100000011       0 0000000000000011 
     121500                                  1 1000011000001000 000000001101011 0000000100000011 0000000100000011 0000000000000000            0            1 0000000100000011       1 0000000000000011 
     122500                                  1 0000000000001111 000000001101100 0000000100000011 0000000100000011 0000000000000000            1            1 0000000000000000       0 0000000100000011 
     123500                                  1 1001100000010000 000000001101101 0000000100000011 0000000100000011 0000000000001111            0            1 0000000000001111       0 0000000100000011 
     124500                                  1 0000000000000000 000000001101110 0000000000001111 0000000100000011 0000000000001111            1            1 0000000000001111       0 0000000000000000 
     125500                                  1 1101100001000000 000000001101111 0000000000001111 0000000100000011 0000000000000000            0            1 0000000000000000       0 0000000000000000 
     126500                                  1 1000011000001000 000000001110000 0000000000001111 0000000100000011 0000000100000011            0            1 0000000000001111       1 0000000100000011 
     127500                                  1 0000000000000000 000000001110001 0000000000001111 0000000100000011 0000000100000011            1            1 0000000000000011       0 0000000000001111 
     128500                                  1 1101100001000000 000000001110010 0000000000001111 0000000100000011 0000000000000000            0            1 0000000000001111       0 0000000000001111 
     129500                                  1 1001101111000000 000000001110011 0000000000001111 0000000100000011 0000000100000011            0            1 0000000100000100       0 0000000100000011 
     130500                                  1 1001100000010000 000000001110100 0000000000001111 0000000100000011 0000000100000100            0            1 0000000100000100       0 0000000000001111 
     131500                                  1 0000000000000000 000000001110101 0000000100000100 0000000100000011 0000000100000100            1            1 0000000100000100       0 0000000000001111 
     132500                                  1 1000011000001000 000000001110110 0000000100000100 0000000100000011 0000000000000000            0            1 0000000100000100       1 0000000000001111 
     133500                                  1 0000000000001001 000000001110111 0000000100000100 0000000100000011 0000000000000000            1            1 0000000000000000       0 0000000100000100 
     134500                                  1 1001100000010000 000000001111000 0000000100000100 0000000100000011 0000000000001001            0            1 0000000000001001       0 0000000100000100 
     135500                                  1 0000000000000000 000000001111001 0000000000001001 0000000100000011 0000000000001001            1            1 0000000000001001       0 0000000000000000 
     136500                                  1 1101100001000000 000000001111010 0000000000001001 0000000100000011 0000000000000000            0            1 0000000000000000       0 0000000000000000 
     137500                                  1 1000011000001000 000000001111011 0000000000001001 0000000100000011 0000000100000100            0            1 0000000000001001       1 0000000100000100 
     138500                                  1 0000000000000000 000000001111100 0000000000001001 0000000100000011 0000000100000100            1            1 0000000000000000       0 0000000000001001 
     139500                                  1 1101100001000000 000000001111101 0000000000001001 0000000100000011 0000000000000000            0            1 0000000000001001       0 0000000000001001 
     140500                                  1 1001101111000000 000000001111110 0000000000001001 0000000100000011 0000000100000100            0            1 0000000100000101       0 0000000100000100 
     141500                                  1 1001100000010000 000000001111111 0000000000001001 0000000100000011 0000000100000101            0            1 0000000100000101       0 0000000000001001 
     142500                                  1 0000000000000000 000000010000000 0000000100000101 0000000100000011 0000000100000101            1            1 0000000100000101       0 0000000000000000 
     143500                                  1 1000011000001000 000000010000001 0000000100000101 0000000100000011 0000000000000000            0            1 0000000100000101       1 0000000000000000 
     144500                                  1 0000000000000000 000000010000010 0000000100000101 0000000100000011 0000000000000000            1            1 0000000000000000       0 0000000100000101 
     145500                                  1 1101100001000000 000000010000011 0000000100000101 0000000100000011 0000000000000000            0            1 0000000100000101       0 0000000100000101 
     146500                                  1 1001100101000000 000000010000100 0000000100000101 0000000100000011 0000000100000101            0            1 0000000100000100       0 0000000100000101 
     147500                                  1 1101100000010000 000000010000101 0000000100000101 0000000100000011 0000000100000100            0            1 0000000000000000       0 0000000000000000 
     148500                                  1 1001100101000000 000000010000110 0000000000001001 0000000100000011 0000000100000100            0            1 0000000100000011       0 0000000000001001 
     149500                                  1 1100001110100000 000000010000111 0000000000001001 0000000100000011 0000000100000011            0            1 0000000000000000       0 0000000000001001 
     150500                                  1 0000000000010001 000000010001000 0000000000001001 0000000000000110 0000000100000011            1            1 0000000000000001       0 0000000000001111 
     151500                                  1 1010011000000010 000000010001001 0000000000001001 0000000000000110 0000000000010001            0            0 0000000000000110       0 0000000000001111 
     152500                                  1 1001010100000000 000000010001010 0000000000001001 0000000000000110 0000000000010001            0            1 0000000000000000       0 0000000000000000 
     153500                                  1 0000000000000000 000000010001011 0000000000001001 0000000000000110 0000000000010001            1            1 0000000000000001       0 0000000000000000 
     154500                                  1 1101100001000000 000000010001100 0000000000001001 0000000000000110 0000000000000000            0            1 0000000000000000       0 0000000000000000 
     155500                                  1 1001100101000000 000000010001101 0000000000001001 0000000000000110 0000000100000101            0            1 0000000100000100       0 0000000100000101 
     156500                                  1 1001100101000000 000000010001110 0000000000001001 0000000000000110 0000000100000100            0            1 0000000100000011       0 0000000000000000 
     157500                                  1 1001100000010000 000000010001111 0000000000001001 0000000000000110 0000000100000011            0            1 0000000100000011       0 0000000000001001 
     158500                                  1 0000000000000000 000000010010000 0000000100000011 0000000000000110 0000000100000011            1            1 0000000100000011       0 0000000000001111 
     159500                                  1 1001100000100000 000000010010001 0000000100000011 0000000000000110 0000000000000000            0            1 0000000000000000       0 0000000000001111 
     160500                                  1 1000011001000000 000000010010010 0000000100000011 0000000000000000 0000000000000000            0            1 0000000100000011       0 0000000100000101 
     161500                                  1 1010011000001000 000000010010011 0000000100000011 0000000000000000 0000000100000011            0            0 0000000000000000       1 0000000100000101 
     162500                                  1 0000000010100101 000000010010100 0000000100000011 0000000000000000 0000000100000011            1            1 1111111011111100       0 0000000000000000 
     163500                                  1 1000011000000111 000000010010101 0000000100000011 0000000000000000 0000000010100101            0            1 0000000100000011       0 0000000000000000 
     164500                                  1 1001010100000000 000000010100101 0000000100000011 0000000000000000 0000000010100101            0            1 0000000000000000       0 0000000000000000 
     165500                                  1 1001010100000000 000000010100110 0000000100000011 0000000000000000 0000000010100101            0            1 0000000000000000       0 0000000000000000 
     166500                                  1 0000000000000000 000000010100111 0000000100000011 0000000000000000 0000000010100101            1            1 0000000000000001       0 0000000000000000 
     167500                                  1 1101100000010000 000000010101000 0000000100000011 0000000000000000 0000000000000000            0            1 0000000000000000       0 0000000000000000 
     168500                                  1 1000011100010000 000000010101001 0000000100000101 0000000000000000 0000000000000000            0            1 0000000100000100       0 0000000100000101 
     169500                                  1 1000011000001000 000000010101010 0000000100000100 0000000000000000 0000000000000000            0            1 0000000100000100       1 0000000100000101 
     170500                                  1 0000000000000000 000000010101011 0000000100000100 0000000000000000 0000000000000000            1            1 0000000000000000       0 0000000100000100 
     171500                                  1 1101100001000000 000000010101100 0000000100000100 0000000000000000 0000000000000000            0            1 0000000100000100       0 0000000100000100 
     172500                                  1 1001100101000000 000000010101101 0000000100000100 0000000000000000 0000000100000100            0            1 0000000100000011       0 0000000100000100 
     173500                                  1 1001100000100000 000000010101110 0000000100000100 0000000000000000 0000000100000011            0            1 0000000100000011       0 0000000000001001 
     174500                                  1 1101100000010000 000000010101111 0000000100000100 0000000100000011 0000000100000011            0            1 0000000000000000       0 0000000000000000 
     175500                                  1 0000000000000000 000000010110000 0000000000000000 0000000100000011 0000000100000011            1            1 0000000000000000       0 0000000000000000 
     176500                                  1 1010011000001000 000000010110001 0000000000000000 0000000100000011 0000000000000000            0            0 0000000100000011       1 0000000000000000 
     177500                                  1 0000000011001011 000000010110010 0000000000000000 0000000100000011 0000000000000000            1            1 1111111111111111       0 0000000100000011 
     178500                                  1 1000011000000101 000000010110011 0000000000000000 0000000100000011 0000000011001011            0            1 0000000000000000       0 0000000100000011 
     179500                                  1 1001010100000000 000000010110100 0000000000000000 0000000100000011 0000000011001011            0            1 0000000000000000       0 0000000000000000 
     180500                                  1 0000000000000010 000000010110101 0000000000000000 0000000100000011 0000000011001011            1            1 0000000000000000       0 0000000000000000 
     181500                                  1 1001100000010000 000000010110110 0000000000000000 0000000100000011 0000000000000010            0            1 0000000000000010       0 0000000000000000 
     182500                                  1 0000000000000000 000000010110111 0000000000000010 0000000100000011 0000000000000010            1            1 0000000000000010       0 0000000000000000 
     183500                                  1 1101100001000000 000000010111000 0000000000000010 0000000100000011 0000000000000000            0            1 0000000000000000       0 0000000000000000 
     184500                                  1 1000011000001000 000000010111001 0000000000000010 0000000100000011 0000000100000011            0            1 0000000000000010       1 0000000100000011 
     185500                                  1 0000000000000000 000000010111010 0000000000000010 0000000100000011 0000000100000011            1            1 0000000000000010       0 0000000000000010 
     186500                                  1 1101100001000000 000000010111011 0000000000000010 0000000100000011 0000000000000000            0            1 0000000000000010       0 0000000000000010 
     187500                                  1 1001101111000000 000000010111100 0000000000000010 0000000100000011 0000000100000011            0            1 0000000100000100       0 0000000100000011 
     188500                                  1 1001100000010000 000000010111101 0000000000000010 0000000100000011 0000000100000100            0            1 0000000100000100       0 0000000000000010 
     189500                                  1 0000000000000000 000000010111110 0000000100000100 0000000100000011 0000000100000100            1            1 0000000100000100       0 0000000000001001 
     190500                                  1 1000011000001000 000000010111111 0000000100000100 0000000100000011 0000000000000000            0            1 0000000100000100       1 0000000000001001 
     191500                                  1 0000000000000000 000000011000000 0000000100000100 0000000100000011 0000000000000000            1            1 0000000000000000       0 0000000100000100 
     192500                                  1 1101100001000000 000000011000001 0000000100000100 0000000100000011 0000000000000000            0            1 0000000100000100       0 0000000100000100 
     193500                                  1 1001100101000000 000000011000010 0000000100000100 0000000100000011 0000000100000100            0            1 0000000100000011       0 0000000100000100 
     194500                                  1 1101100000010000 000000011000011 0000000100000100 0000000100000011 0000000100000011            0            1 0000000000001001       0 0000000000001001 
     195500                                  1 0000000000000110 000000011000100 0000000000000010 0000000100000011 0000000100000011            1            1 0000000000000010       0 0000000000000010 
     196500                                  1 1000011000001000 000000011000101 0000000000000010 0000000100000011 0000000000000110            0            1 0000000000000010       1 0000000000000010 
     197500                                  1 0000000000000000 000000011000110 0000000000000010 0000000100000011 0000000000000110            1            1 0000000000000010       0 0000000000000010 
     198500                                  1 1101100001000000 000000011000111 0000000000000010 0000000100000011 0000000000000000            0            1 0000000000000010       0 0000000000000010 
     199500                                  1 1001100101000000 000000011001000 0000000000000010 0000000100000011 0000000100000100            0            1 0000000100000011       0 0000000100000100 
